<?xml version="1.0" encoding="UTF-8"?>
<testsuite name="org.iut.mastermind.domain.partie.TestJoueur" tests="3" skipped="0" failures="0" errors="0" timestamp="2023-11-25T23:16:38" hostname="HUGOC-INSPIRON" time="0.093">
  <properties/>
  <testcase name="joueursNomsDifferents()" classname="org.iut.mastermind.domain.partie.TestJoueur" time="0.085"/>
  <testcase name="joueursNomsIdentiques()" classname="org.iut.mastermind.domain.partie.TestJoueur" time="0.001"/>
  <testcase name="joueursHashcodeEgal()" classname="org.iut.mastermind.domain.partie.TestJoueur" time="0.004"/>
  <system-out><![CDATA[]]></system-out>
  <system-err><![CDATA[]]></system-err>
</testsuite>
